<?xml version="1.0" encoding="UTF-8"?>
<!-- Generated by org.testng.reporters.JUnitXMLReporter -->
<testsuite ignored="2" hostname="Prudhvis-Air" failures="0" tests="0" time="0.004" errors="0" timestamp="2023-10-18T13:06:34 IST">
  <testcase classname="prudhvi.tests.ErrorValidationsTest" name="ProductErrorValidation" time="0.0">
    <ignored/>
  </testcase> <!-- ProductErrorValidation -->
  <testcase classname="prudhvi.tests.ErrorValidationsTest" name="LoginPageErrorValidation" time="0.0">
    <ignored/>
  </testcase> <!-- LoginPageErrorValidation -->
</testsuite>
